[debug] [2020-03-29T20:13:59.449Z] ----------------------------------------------------------------------
[debug] [2020-03-29T20:13:59.450Z] Command:       /home/frank/.nvm/versions/node/v12.2.0/bin/node /home/frank/.nvm/versions/node/v12.2.0/bin/firebase serve
[debug] [2020-03-29T20:13:59.450Z] CLI Version:   7.16.1
[debug] [2020-03-29T20:13:59.450Z] Platform:      linux
[debug] [2020-03-29T20:13:59.450Z] Node Version:  v12.2.0
[debug] [2020-03-29T20:13:59.450Z] Time:          Sun Mar 29 2020 16:13:59 GMT-0400 (Eastern Daylight Time)
[debug] [2020-03-29T20:13:59.450Z] ----------------------------------------------------------------------
[debug] [2020-03-29T20:13:59.450Z] 
[debug] [2020-03-29T20:13:59.454Z] > command requires scopes: ["email","openid","https://www.googleapis.com/auth/cloudplatformprojects.readonly","https://www.googleapis.com/auth/firebase","https://www.googleapis.com/auth/cloud-platform"]
[debug] [2020-03-29T20:13:59.454Z] > authorizing via signed-in user
[debug] [2020-03-29T20:13:59.454Z] [iam] checking project rpi-asc for permissions ["firebase.projects.get"]
[debug] [2020-03-29T20:13:59.456Z] >>> HTTP REQUEST POST https://cloudresourcemanager.googleapis.com/v1/projects/rpi-asc:testIamPermissions  

[debug] [2020-03-29T20:13:59.710Z] <<< HTTP RESPONSE 200
[debug] [2020-03-29T20:13:59.712Z] >>> HTTP REQUEST GET https://firebase.googleapis.com/v1beta1/projects/rpi-asc  
 
[debug] [2020-03-29T20:13:59.952Z] <<< HTTP RESPONSE 200
[info] 
[info] === Serving from '/home/frank/Projects/rpi-asc'...
[info] 
[debug] [2020-03-29T20:13:59.957Z] >>> HTTP REQUEST GET https://firebase.googleapis.com/v1beta1/projects/rpi-asc/webApps/-/config  
 
[warn] ⚠  Your requested "node" version "8" doesn't match your global version "12"
[info] ✔  functions: functions emulator started at http://localhost:5001
[debug] [2020-03-29T20:14:00.678Z] <<< HTTP RESPONSE 200
[info] i  functions: Watching "/home/frank/Projects/rpi-asc/functions" for Cloud Functions...
[debug] [2020-03-29T20:14:00.705Z] [worker-pool] addWorker(~diagnostic~)
[debug] [2020-03-29T20:14:00.705Z] [worker-pool] Adding worker with key ~diagnostic~, total=1
[debug] [2020-03-29T20:14:00.706Z] [worker-pool] submitWork(triggerId=)
[debug] [2020-03-29T20:14:00.706Z] [worker-~diagnostic~-c63d408c-8290-492f-9b87-c12e9cd7d7c2]: Assigning socketPath: /tmp/fire_emu_14009.sock
[debug] [2020-03-29T20:14:00.706Z] [worker-~diagnostic~-c63d408c-8290-492f-9b87-c12e9cd7d7c2]: BUSY
[info] i  hosting: Serving hosting files from: dist
[info] ✔  hosting: Local server: http://localhost:5000
[debug] [2020-03-29T20:14:00.824Z] [runtime-status] [14009] Functions runtime initialized. {"cwd":"/home/frank/Projects/rpi-asc/functions","node_version":"12.2.0"}
[debug] [2020-03-29T20:14:00.825Z] [runtime-status] [14009] Disabled runtime features: {"functions_config_helper":true,"network_filtering":true,"timeout":true,"memory_limiting":true,"admin_stubs":true,"pubsub_emulator":true}
[debug] [2020-03-29T20:14:00.827Z] [runtime-status] [14009] Resolved module firebase-admin {"declared":true,"installed":true,"version":"8.10.0","resolution":"/home/frank/Projects/rpi-asc/functions/node_modules/firebase-admin/lib/index.js"}
[debug] [2020-03-29T20:14:00.827Z] [runtime-status] [14009] Resolved module firebase-functions {"declared":true,"installed":true,"version":"3.5.0","resolution":"/home/frank/Projects/rpi-asc/functions/node_modules/firebase-functions/lib/index.js"}
[debug] [2020-03-29T20:14:00.828Z] [runtime-status] [14009] Resolved module firebase-functions {"declared":true,"installed":true,"version":"3.5.0","resolution":"/home/frank/Projects/rpi-asc/functions/node_modules/firebase-functions/lib/index.js"}
[debug] [2020-03-29T20:14:00.941Z] Unsupported trigger: {"eventTrigger":{"resource":"projects/rpi-asc","eventType":"providers/firebase.auth/eventTypes/user.create","service":"firebaseauth.googleapis.com"},"name":"createUserData","entryPoint":"createUserData"}
[info] i  functions[createUserData]: function ignored because the auth emulator does not exist or is not running.
[debug] [2020-03-29T20:14:00.942Z] [worker-~diagnostic~-c63d408c-8290-492f-9b87-c12e9cd7d7c2]: IDLE
